Thu Jan 26 11:34:25 CET 2017  [debug] AvalonLogSystem initialized using logfile 'velocity.log'
Thu Jan 26 11:34:25 CET 2017   [info] ************************************************************** 
Thu Jan 26 11:34:25 CET 2017   [info] Starting Jakarta Velocity v1.4
Thu Jan 26 11:34:25 CET 2017   [info] RuntimeInstance initializing.
Thu Jan 26 11:34:25 CET 2017   [info] Default Properties File: org\apache\velocity\runtime\defaults\velocity.properties
Thu Jan 26 11:34:25 CET 2017   [info] Trying to use logger class org.apache.velocity.runtime.log.AvalonLogSystem
Thu Jan 26 11:34:25 CET 2017   [info] Using logger class org.apache.velocity.runtime.log.AvalonLogSystem
Thu Jan 26 11:34:25 CET 2017   [info] Default ResourceManager initializing. (class org.apache.velocity.runtime.resource.ResourceManagerImpl)
Thu Jan 26 11:34:25 CET 2017   [info] Resource Loader Instantiated: org.apache.velocity.runtime.resource.loader.FileResourceLoader
Thu Jan 26 11:34:25 CET 2017   [info] FileResourceLoader : initialization starting.
Thu Jan 26 11:34:25 CET 2017   [info] FileResourceLoader : adding path 'C:\Versata\BRMS-2016\workbench\plugins\com.versata.tl.studio.torque_7.0.0.5495\templates'
Thu Jan 26 11:34:25 CET 2017   [info] FileResourceLoader : initialization complete.
Thu Jan 26 11:34:25 CET 2017   [info] ResourceCache : initialized. (class org.apache.velocity.runtime.resource.ResourceCacheImpl)
Thu Jan 26 11:34:25 CET 2017   [info] Default ResourceManager initialization complete.
Thu Jan 26 11:34:25 CET 2017   [info] Loaded System Directive: org.apache.velocity.runtime.directive.Literal
Thu Jan 26 11:34:25 CET 2017   [info] Loaded System Directive: org.apache.velocity.runtime.directive.Macro
Thu Jan 26 11:34:25 CET 2017   [info] Loaded System Directive: org.apache.velocity.runtime.directive.Parse
Thu Jan 26 11:34:25 CET 2017   [info] Loaded System Directive: org.apache.velocity.runtime.directive.Include
Thu Jan 26 11:34:25 CET 2017   [info] Loaded System Directive: org.apache.velocity.runtime.directive.Foreach
Thu Jan 26 11:34:25 CET 2017   [info] Created: 20 parsers.
Thu Jan 26 11:34:25 CET 2017   [info] Velocimacro : initialization starting.
Thu Jan 26 11:34:25 CET 2017   [info] Velocimacro : allowInline = true : VMs can be defined inline in templates
Thu Jan 26 11:34:25 CET 2017   [info] Velocimacro : allowInlineToOverride = false : VMs defined inline may NOT replace previous VM definitions
Thu Jan 26 11:34:25 CET 2017   [info] Velocimacro : allowInlineLocal = false : VMs defined inline will be  global in scope if allowed.
Thu Jan 26 11:34:25 CET 2017   [info] Velocimacro : messages on  : VM system will output logging messages
Thu Jan 26 11:34:25 CET 2017   [info] Velocimacro : autoload off  : VM system will not automatically reload global library macros
Thu Jan 26 11:34:25 CET 2017   [info] Velocimacro : initialization complete.
Thu Jan 26 11:34:25 CET 2017   [info] Velocity successfully started.
Thu Jan 26 11:34:26 CET 2017   [info] ResourceManager : found sql/load/Control.vm with loader org.apache.velocity.runtime.resource.loader.FileResourceLoader
Thu Jan 26 11:34:26 CET 2017   [info] ResourceManager : found sql/load/mysql/row.vm with loader org.apache.velocity.runtime.resource.loader.FileResourceLoader
Thu Jan 26 11:34:26 CET 2017   [info] ResourceManager : found sql/load/mysql/val.vm with loader org.apache.velocity.runtime.resource.loader.FileResourceLoader
